ok
/home/sxr280/BERTLocRNA/scripts
[2023-12-03 15:11:54,381][HYDRA] 	#1 : model=base_model task=RNAlocalization embedder=nucleotidetransformer
output dir of this job: /home/sxr280/BERTLocRNA/scripts/../output/RNAlocalization/nucleotidetransformer
Error executing job with overrides: ['model=base_model', 'task=RNAlocalization', 'embedder=parnet']
Traceback (most recent call last):
  File "/home/sxr280/miniconda3/envs/deeploc_torch/lib/python3.8/site-packages/hydra/_internal/instantiate/_instantiate2.py", line 92, in _call_target
    return _target_(*args, **kwargs)
  File "/home/sxr280/BERTLocRNA/scripts/../../BERTLocRNA/models/base_model.py", line 54, in __init__
    self.Attention_layer = Attention_mask(hidden = self.config.hidden_dim, att_dim = self.config.dim_attention,
  File "/home/sxr280/BERTLocRNA/scripts/../../BERTLocRNA/models/attention.py", line 27, in __init__
    self.W1 = nn.Parameter(self.W_initializer(torch.Tensor(hidden, att_dim))).to(device)
  File "/home/sxr280/miniconda3/envs/deeploc_torch/lib/python3.8/site-packages/torch/nn/modules/module.py", line 1269, in __getattr__
    raise AttributeError("'{}' object has no attribute '{}'".format(
AttributeError: 'Attention_mask' object has no attribute 'W_initializer'
The above exception was the direct cause of the following exception:
Traceback (most recent call last):
  File "train_model.py", line 55, in <module>
    train()
  File "/home/sxr280/miniconda3/envs/deeploc_torch/lib/python3.8/site-packages/hydra/main.py", line 90, in decorated_main
    _run_hydra(
  File "/home/sxr280/miniconda3/envs/deeploc_torch/lib/python3.8/site-packages/hydra/_internal/utils.py", line 394, in _run_hydra
    _run_app(
  File "/home/sxr280/miniconda3/envs/deeploc_torch/lib/python3.8/site-packages/hydra/_internal/utils.py", line 465, in _run_app
    run_and_report(
  File "/home/sxr280/miniconda3/envs/deeploc_torch/lib/python3.8/site-packages/hydra/_internal/utils.py", line 222, in run_and_report
    raise ex
  File "/home/sxr280/miniconda3/envs/deeploc_torch/lib/python3.8/site-packages/hydra/_internal/utils.py", line 219, in run_and_report
    return func()
  File "/home/sxr280/miniconda3/envs/deeploc_torch/lib/python3.8/site-packages/hydra/_internal/utils.py", line 466, in <lambda>
    lambda: hydra.multirun(
  File "/home/sxr280/miniconda3/envs/deeploc_torch/lib/python3.8/site-packages/hydra/_internal/hydra.py", line 162, in multirun
    ret = sweeper.sweep(arguments=task_overrides)
  File "/home/sxr280/miniconda3/envs/deeploc_torch/lib/python3.8/site-packages/hydra/_internal/core_plugins/basic_sweeper.py", line 182, in sweep
    _ = r.return_value
  File "/home/sxr280/miniconda3/envs/deeploc_torch/lib/python3.8/site-packages/hydra/core/utils.py", line 260, in return_value
    raise self._return_value
  File "/home/sxr280/miniconda3/envs/deeploc_torch/lib/python3.8/site-packages/hydra/core/utils.py", line 186, in run_job
    ret.return_value = task_function(task_cfg)
  File "train_model.py", line 35, in train
    model = hydra.utils.instantiate(cfg.base_model).to(device)
  File "/home/sxr280/miniconda3/envs/deeploc_torch/lib/python3.8/site-packages/hydra/_internal/instantiate/_instantiate2.py", line 226, in instantiate
    return instantiate_node(
  File "/home/sxr280/miniconda3/envs/deeploc_torch/lib/python3.8/site-packages/hydra/_internal/instantiate/_instantiate2.py", line 347, in instantiate_node
    return _call_target(_target_, partial, args, kwargs, full_key)
  File "/home/sxr280/miniconda3/envs/deeploc_torch/lib/python3.8/site-packages/hydra/_internal/instantiate/_instantiate2.py", line 97, in _call_target
    raise InstantiationException(msg) from e
hydra.errors.InstantiationException: Error in call to target 'BERTLocRNA.models.base_model.CustomizedModel':
AttributeError("'Attention_mask' object has no attribute 'W_initializer'")
full_key: base_model